{"name": "User can choose a product color", "status": "failed", "statusDetails": {"message": "AssertionError: expected 6, but got [<selenium.webdriver.remote.webelement.WebElement (session=\"b62bc1d39d5365db5e1df88e8aae540e\", element=\"8d91207a-8216-46f9-b682-c0f613f9e3e9\")>, <selenium.webdriver.remote.webelement.WebElement (session=\"b62bc1d39d5365db5e1df88e8aae540e\", element=\"af17fb65-3fe6-421d-84e1-5db83fa3b84d\")>]\n", "trace": "  File \"c:\\users\\lena\\auto\\p_hm\\venv\\lib\\site-packages\\behave\\model.py\", line 1329, in run\n    match.run(runner.context)\n  File \"c:\\users\\lena\\auto\\p_hm\\venv\\lib\\site-packages\\behave\\matchers.py\", line 98, in run\n    self.func(context, *args, **kwargs)\n  File \"features\\steps\\product_page_steps.py\", line 29, in get_elem_links_list\n    context.app.product_page.get_elem_links_list(expected_items)\n  File \"C:\\Users\\lena\\auto\\p_hm\\pages\\product_page.py\", line 47, in get_elem_links_list\n    assert len(elem_links_list) == expected_items, f'expected {expected_items}, but got {elem_links_list}'\n"}, "steps": [{"name": "Given Open H&M page", "status": "passed", "start": 1584474566957, "stop": 1584474568988}, {"name": "When Search product Skirts", "status": "passed", "start": 1584474568989, "stop": 1584474572682}, {"name": "Then Click item of the 4", "status": "passed", "start": 1584474572682, "stop": 1584474575449}, {"name": "Then Menu will have 6 items", "status": "failed", "statusDetails": {"message": "AssertionError: expected 6, but got [<selenium.webdriver.remote.webelement.WebElement (session=\"b62bc1d39d5365db5e1df88e8aae540e\", element=\"8d91207a-8216-46f9-b682-c0f613f9e3e9\")>, <selenium.webdriver.remote.webelement.WebElement (session=\"b62bc1d39d5365db5e1df88e8aae540e\", element=\"af17fb65-3fe6-421d-84e1-5db83fa3b84d\")>]\n", "trace": "  File \"c:\\users\\lena\\auto\\p_hm\\venv\\lib\\site-packages\\behave\\model.py\", line 1329, in run\n    match.run(runner.context)\n  File \"c:\\users\\lena\\auto\\p_hm\\venv\\lib\\site-packages\\behave\\matchers.py\", line 98, in run\n    self.func(context, *args, **kwargs)\n  File \"features\\steps\\product_page_steps.py\", line 29, in get_elem_links_list\n    context.app.product_page.get_elem_links_list(expected_items)\n  File \"C:\\Users\\lena\\auto\\p_hm\\pages\\product_page.py\", line 47, in get_elem_links_list\n    assert len(elem_links_list) == expected_items, f'expected {expected_items}, but got {elem_links_list}'\n"}, "start": 1584474575449, "stop": 1584474575644}, {"name": "When Click black", "status": "skipped", "start": 1584474578179, "stop": 1584474578179}, {"name": "When Select size", "status": "skipped", "start": 1584474578179, "stop": 1584474578179}, {"name": "When Add Skirts to the cart", "status": "skipped", "start": 1584474578179, "stop": 1584474578179}], "start": 1584474557641, "stop": 1584474578179, "uuid": "ef2a22c3-2e8f-41d2-9a2c-19f0539d1ca7", "historyId": "f3a6e010118e5d48672a391fdb68bc31", "labels": [{"name": "severity", "value": "normal"}, {"name": "feature", "value": "Test for H&M Search functionality"}, {"name": "framework", "value": "behave"}, {"name": "language", "value": "cpython3"}]}